[0.000000] (-) TimerEvent: {}
[0.000259] (cable_robot_description) JobQueued: {'identifier': 'cable_robot_description', 'dependencies': OrderedDict()}
[0.000361] (cable_robot_description) JobStarted: {'identifier': 'cable_robot_description'}
[0.004886] (cable_robot_description) JobProgress: {'identifier': 'cable_robot_description', 'progress': 'cmake'}
[0.005026] (cable_robot_description) JobProgress: {'identifier': 'cable_robot_description', 'progress': 'build'}
[0.005386] (cable_robot_description) Command: {'cmd': ['/usr/bin/cmake', '--build', '/home/luke/git/CDPRX/cable_robot_ws/src/cable_robot_description/build/cable_robot_description', '--', '-j24', '-l24'], 'cwd': '/home/luke/git/CDPRX/cable_robot_ws/src/cable_robot_description/build/cable_robot_description', 'env': OrderedDict([('LESSOPEN', '| /usr/bin/lesspipe %s'), ('LANGUAGE', 'en_AU:en'), ('USER', 'luke'), ('XDG_SESSION_TYPE', 'x11'), ('SHLVL', '1'), ('LD_LIBRARY_PATH', '/home/luke/ros2_ws/install/sjtu_drone_description/lib:/home/luke/ros2_ws/install/audibot_gazebo/lib:/usr/lib/x86_64-linux-gnu/gazebo-11/plugins:/opt/ros/humble/opt/rviz_ogre_vendor/lib:/opt/ros/humble/lib/x86_64-linux-gnu:/opt/ros/humble/lib'), ('HOME', '/home/luke'), ('OLDPWD', '/home/luke/git/CDPRX/cable_robot_ws/src'), ('DESKTOP_SESSION', 'ubuntu'), ('ROS_PYTHON_VERSION', '3'), ('GNOME_SHELL_SESSION_MODE', 'ubuntu'), ('GTK_MODULES', 'gail:atk-bridge'), ('SYSTEMD_EXEC_PID', '1856'), ('DBUS_SESSION_BUS_ADDRESS', 'unix:path=/run/user/1000/bus'), ('COLORTERM', 'truecolor'), ('COLCON_PREFIX_PATH', '/home/luke/git/CDPRX/cable_robot_ws/src/cable_robot_description/install:/home/luke/ros2_ws/install'), ('ROS_DISTRO', 'humble'), ('GTK_IM_MODULE', 'ibus'), ('LOGNAME', 'luke'), ('_', '/usr/bin/colcon'), ('ROS_VERSION', '2'), ('XDG_SESSION_CLASS', 'user'), ('USERNAME', 'luke'), ('TERM', 'xterm-256color'), ('GNOME_DESKTOP_SESSION_ID', 'this-is-deprecated'), ('ROS_LOCALHOST_ONLY', '0'), ('WINDOWPATH', '2'), ('PATH', '/usr/local/MATLAB/R2023b/bin:/opt/ros/humble/bin:/home/luke/.local/bin:/usr/local/sbin:/usr/local/bin:/usr/sbin:/usr/bin:/sbin:/bin:/usr/games:/usr/local/games:/snap/bin:/snap/bin'), ('SESSION_MANAGER', 'local/luke-XPS-8950:@/tmp/.ICE-unix/1549,unix/luke-XPS-8950:/tmp/.ICE-unix/1549'), ('XDG_MENU_PREFIX', 'gnome-'), ('GNOME_TERMINAL_SCREEN', '/org/gnome/Terminal/screen/ef579969_e29b_454f_a0bb_c637c94203e7'), ('XDG_RUNTIME_DIR', '/run/user/1000'), ('DISPLAY', ':0'), ('LANG', 'en_AU.UTF-8'), ('XDG_CURRENT_DESKTOP', 'ubuntu:GNOME'), ('XMODIFIERS', '@im=ibus'), ('XDG_SESSION_DESKTOP', 'ubuntu'), ('XAUTHORITY', '/run/user/1000/gdm/Xauthority'), ('LS_COLORS', 'rs=0:di=01;34:ln=01;36:mh=00:pi=40;33:so=01;35:do=01;35:bd=40;33;01:cd=40;33;01:or=40;31;01:mi=00:su=37;41:sg=30;43:ca=30;41:tw=30;42:ow=34;42:st=37;44:ex=01;32:*.tar=01;31:*.tgz=01;31:*.arc=01;31:*.arj=01;31:*.taz=01;31:*.lha=01;31:*.lz4=01;31:*.lzh=01;31:*.lzma=01;31:*.tlz=01;31:*.txz=01;31:*.tzo=01;31:*.t7z=01;31:*.zip=01;31:*.z=01;31:*.dz=01;31:*.gz=01;31:*.lrz=01;31:*.lz=01;31:*.lzo=01;31:*.xz=01;31:*.zst=01;31:*.tzst=01;31:*.bz2=01;31:*.bz=01;31:*.tbz=01;31:*.tbz2=01;31:*.tz=01;31:*.deb=01;31:*.rpm=01;31:*.jar=01;31:*.war=01;31:*.ear=01;31:*.sar=01;31:*.rar=01;31:*.alz=01;31:*.ace=01;31:*.zoo=01;31:*.cpio=01;31:*.7z=01;31:*.rz=01;31:*.cab=01;31:*.wim=01;31:*.swm=01;31:*.dwm=01;31:*.esd=01;31:*.jpg=01;35:*.jpeg=01;35:*.mjpg=01;35:*.mjpeg=01;35:*.gif=01;35:*.bmp=01;35:*.pbm=01;35:*.pgm=01;35:*.ppm=01;35:*.tga=01;35:*.xbm=01;35:*.xpm=01;35:*.tif=01;35:*.tiff=01;35:*.png=01;35:*.svg=01;35:*.svgz=01;35:*.mng=01;35:*.pcx=01;35:*.mov=01;35:*.mpg=01;35:*.mpeg=01;35:*.m2v=01;35:*.mkv=01;35:*.webm=01;35:*.webp=01;35:*.ogm=01;35:*.mp4=01;35:*.m4v=01;35:*.mp4v=01;35:*.vob=01;35:*.qt=01;35:*.nuv=01;35:*.wmv=01;35:*.asf=01;35:*.rm=01;35:*.rmvb=01;35:*.flc=01;35:*.avi=01;35:*.fli=01;35:*.flv=01;35:*.gl=01;35:*.dl=01;35:*.xcf=01;35:*.xwd=01;35:*.yuv=01;35:*.cgm=01;35:*.emf=01;35:*.ogv=01;35:*.ogx=01;35:*.aac=00;36:*.au=00;36:*.flac=00;36:*.m4a=00;36:*.mid=00;36:*.midi=00;36:*.mka=00;36:*.mp3=00;36:*.mpc=00;36:*.ogg=00;36:*.ra=00;36:*.wav=00;36:*.oga=00;36:*.opus=00;36:*.spx=00;36:*.xspf=00;36:'), ('GNOME_TERMINAL_SERVICE', ':1.91'), ('SSH_AGENT_LAUNCHER', 'gnome-keyring'), ('SSH_AUTH_SOCK', '/run/user/1000/keyring/ssh'), ('AMENT_PREFIX_PATH', '/home/luke/git/CDPRX/cable_robot_ws/src/cable_robot_description/install/cable_robot_description:/home/luke/ros2_ws/install/sjtu_drone_description:/home/luke/ros2_ws/install/sjtu_drone_control:/home/luke/ros2_ws/install/sjtu_drone_bringup:/home/luke/ros2_ws/install/quiz5:/home/luke/ros2_ws/install/quiz4_a2:/home/luke/ros2_ws/install/pfms_teleop:/home/luke/ros2_ws/install/husky_gazebo:/home/luke/ros2_ws/install/husky_control:/home/luke/ros2_ws/install/husky_description:/home/luke/ros2_ws/install/gazebo_tf:/home/luke/ros2_ws/install/audibot:/home/luke/ros2_ws/install/audibot_gazebo:/home/luke/ros2_ws/install/audibot_description:/home/luke/ros2_ws/install/a3_assignment:/opt/ros/humble'), ('SHELL', '/bin/bash'), ('QT_ACCESSIBILITY', '1'), ('GDMSESSION', 'ubuntu'), ('LESSCLOSE', '/usr/bin/lesspipe %s %s'), ('GPG_AGENT_INFO', '/run/user/1000/gnupg/S.gpg-agent:0:1'), ('GAZEBO_RESOURCE_PATH', '/home/luke/ros2_ws/install/audibot_description/share/audibot_description:/usr/share/gazebo-11/'), ('QT_IM_MODULE', 'ibus'), ('PWD', '/home/luke/git/CDPRX/cable_robot_ws/src/cable_robot_description/build/cable_robot_description'), ('XDG_CONFIG_DIRS', '/etc/xdg/xdg-ubuntu:/etc/xdg'), ('XDG_DATA_DIRS', '/usr/share/ubuntu:/usr/share/gnome:/usr/local/share/:/usr/share/:/var/lib/snapd/desktop'), ('PYTHONPATH', '/home/luke/ros2_ws/build/sjtu_drone_control:/home/luke/ros2_ws/build/sjtu_drone_bringup:/home/luke/ros2_ws/install/sjtu_drone_control/lib/python3.10/site-packages:/home/luke/ros2_ws/install/sjtu_drone_bringup/lib/python3.10/site-packages:/opt/ros/humble/lib/python3.10/site-packages:/opt/ros/humble/local/lib/python3.10/dist-packages'), ('COLCON', '1'), ('VTE_VERSION', '6800'), ('CMAKE_PREFIX_PATH', '/home/luke/git/CDPRX/cable_robot_ws/src/cable_robot_description/install/cable_robot_description:/home/luke/ros2_ws/install/sjtu_drone_description:/home/luke/ros2_ws/install/quiz5:/home/luke/ros2_ws/install/quiz4_a2:/home/luke/ros2_ws/install/pfms_teleop:/home/luke/ros2_ws/install/husky_gazebo:/home/luke/ros2_ws/install/husky_control:/home/luke/ros2_ws/install/husky_description:/home/luke/ros2_ws/install/gazebo_tf:/home/luke/ros2_ws/install/audibot:/home/luke/ros2_ws/install/audibot_gazebo:/home/luke/ros2_ws/install/audibot_description:/home/luke/ros2_ws/install/a3_assignment')]), 'shell': False}
[0.022462] (cable_robot_description) StdoutLine: {'line': b'-- Found ament_cmake: 1.3.11 (/opt/ros/humble/share/ament_cmake/cmake)\n'}
[0.099970] (-) TimerEvent: {}
[0.130109] (cable_robot_description) StderrLine: {'line': b"Error parsing '/home/luke/git/CDPRX/cable_robot_ws/src/cable_robot_description/package.xml':\n"}
[0.153191] (cable_robot_description) StderrLine: {'line': b'Traceback (most recent call last):\n'}
[0.153318] (cable_robot_description) StderrLine: {'line': b'  File "/usr/lib/python3/dist-packages/catkin_pkg/package.py", line 610, in parse_package_string\n'}
[0.153734] (cable_robot_description) StderrLine: {'line': b'    root = dom.parseString(data)\n'}
[0.153814] (cable_robot_description) StderrLine: {'line': b'  File "/usr/lib/python3.10/xml/dom/minidom.py", line 2000, in parseString\n'}
[0.153841] (cable_robot_description) StderrLine: {'line': b'    return expatbuilder.parseString(string)\n'}
[0.153864] (cable_robot_description) StderrLine: {'line': b'  File "/usr/lib/python3.10/xml/dom/expatbuilder.py", line 925, in parseString\n'}
[0.153926] (cable_robot_description) StderrLine: {'line': b'    return builder.parseString(string)\n'}
[0.153947] (cable_robot_description) StderrLine: {'line': b'  File "/usr/lib/python3.10/xml/dom/expatbuilder.py", line 223, in parseString\n'}
[0.153967] (cable_robot_description) StderrLine: {'line': b'    parser.Parse(string, True)\n'}
[0.153988] (cable_robot_description) StderrLine: {'line': b'xml.parsers.expat.ExpatError: mismatched tag: line 20, column 4\n'}
[0.154009] (cable_robot_description) StderrLine: {'line': b'\n'}
[0.154035] (cable_robot_description) StderrLine: {'line': b'During handling of the above exception, another exception occurred:\n'}
[0.154056] (cable_robot_description) StderrLine: {'line': b'\n'}
[0.154107] (cable_robot_description) StderrLine: {'line': b'Traceback (most recent call last):\n'}
[0.154128] (cable_robot_description) StderrLine: {'line': b'  File "/opt/ros/humble/share/ament_cmake_core/cmake/core/package_xml_2_cmake.py", line 150, in <module>\n'}
[0.154149] (cable_robot_description) StderrLine: {'line': b'    main()\n'}
[0.154176] (cable_robot_description) StderrLine: {'line': b'  File "/opt/ros/humble/share/ament_cmake_core/cmake/core/package_xml_2_cmake.py", line 53, in main\n'}
[0.154201] (cable_robot_description) StderrLine: {'line': b'    raise e\n'}
[0.154222] (cable_robot_description) StderrLine: {'line': b'  File "/opt/ros/humble/share/ament_cmake_core/cmake/core/package_xml_2_cmake.py", line 49, in main\n'}
[0.154241] (cable_robot_description) StderrLine: {'line': b'    package = parse_package_string(\n'}
[0.154294] (cable_robot_description) StderrLine: {'line': b'  File "/usr/lib/python3/dist-packages/catkin_pkg/package.py", line 612, in parse_package_string\n'}
[0.154316] (cable_robot_description) StderrLine: {'line': b"    raise InvalidPackage('The manifest contains invalid XML:\\n%s' % ex, filename)\n"}
[0.154336] (cable_robot_description) StderrLine: {'line': b"catkin_pkg.package.InvalidPackage: Error(s) in package '/home/luke/git/CDPRX/cable_robot_ws/src/cable_robot_description/package.xml':\n"}
[0.154357] (cable_robot_description) StderrLine: {'line': b'The manifest contains invalid XML:\n'}
[0.154378] (cable_robot_description) StderrLine: {'line': b'mismatched tag: line 20, column 4\n'}
[0.163757] (cable_robot_description) StderrLine: {'line': b'\x1b[31mCMake Error at /opt/ros/humble/share/ament_cmake_core/cmake/core/ament_package_xml.cmake:95 (message):\n'}
[0.163824] (cable_robot_description) StderrLine: {'line': b'  execute_process(/usr/bin/python3\n'}
[0.163848] (cable_robot_description) StderrLine: {'line': b'  /opt/ros/humble/share/ament_cmake_core/cmake/core/package_xml_2_cmake.py\n'}
[0.163870] (cable_robot_description) StderrLine: {'line': b'  /home/luke/git/CDPRX/cable_robot_ws/src/cable_robot_description/package.xml\n'}
[0.163892] (cable_robot_description) StderrLine: {'line': b'  /home/luke/git/CDPRX/cable_robot_ws/src/cable_robot_description/build/cable_robot_description/ament_cmake_core/package.cmake)\n'}
[0.163913] (cable_robot_description) StderrLine: {'line': b'  returned error code 1\n'}
[0.163934] (cable_robot_description) StderrLine: {'line': b'Call Stack (most recent call first):\n'}
[0.163984] (cable_robot_description) StderrLine: {'line': b'  /opt/ros/humble/share/ament_cmake_core/cmake/core/ament_package_xml.cmake:49 (_ament_package_xml)\n'}
[0.164005] (cable_robot_description) StderrLine: {'line': b'  /opt/ros/humble/share/ament_cmake_core/cmake/core/ament_package.cmake:63 (ament_package_xml)\n'}
[0.164026] (cable_robot_description) StderrLine: {'line': b'  CMakeLists.txt:15 (ament_package)\n'}
[0.164046] (cable_robot_description) StderrLine: {'line': b'\n'}
[0.164067] (cable_robot_description) StderrLine: {'line': b'\x1b[0m\n'}
[0.164087] (cable_robot_description) StdoutLine: {'line': b'-- Configuring incomplete, errors occurred!\n'}
[0.164114] (cable_robot_description) StdoutLine: {'line': b'See also "/home/luke/git/CDPRX/cable_robot_ws/src/cable_robot_description/build/cable_robot_description/CMakeFiles/CMakeOutput.log".\n'}
[0.165672] (cable_robot_description) StderrLine: {'line': b'gmake: *** [Makefile:226: cmake_check_build_system] Error 1\n'}
[0.166882] (cable_robot_description) CommandEnded: {'returncode': 2}
[0.167044] (cable_robot_description) JobEnded: {'identifier': 'cable_robot_description', 'rc': 2}
[0.177328] (-) EventReactorShutdown: {}
